yarn run v1.22.19
$ next build
info  - Loaded env from /home/manjaro/Documents/m4c/website/current/.env.local
info  - Loaded env from /home/manjaro/Documents/m4c/website/current/.env
info  - Thank you for testing `appDir` please leave your feedback at https://nextjs.link/app-feedback
info  - Creating an optimized production build...
info  - Compiled successfully
info  - Linting and checking validity of types...

./components/website/session.tsx
16:8  Warning: React Hook useEffect has missing dependencies: 'cookies.session' and 'setCookie'. Either include them or remove the dependency array.  react-hooks/exhaustive-deps

info  - Need to disable some ESLint rules? Learn more here: https://nextjs.org/docs/basic-features/eslint#disabling-rules
info  - Collecting page data...
info  - Generating static pages (0/12)
{
  '$$typeof': Symbol(react.element),
  type: Symbol(react.fragment),
  key: null,
  ref: null,
  props: { children: [ [Object], [Object] ] },
  _owner: null
}
{
  '$$typeof': Symbol(react.element),
  type: Symbol(react.fragment),
  key: null,
  ref: null,
  props: { children: [ [Object], [Object] ] },
  _owner: null
}
{
  '$$typeof': Symbol(react.element),
  type: Symbol(react.fragment),
  key: null,
  ref: null,
  props: { children: [ [Object], [Object] ] },
  _owner: null
}
{
  '$$typeof': Symbol(react.element),
  type: Symbol(react.fragment),
  key: null,
  ref: null,
  props: { children: [ [Object], [Object] ] },
  _owner: null
}
{
  '$$typeof': Symbol(react.element),
  type: Symbol(react.fragment),
  key: null,
  ref: null,
  props: { children: [ [Object], [Object] ] },
  _owner: null
}
info  - Generating static pages (3/12)
{
  '$$typeof': Symbol(react.element),
  type: Symbol(react.fragment),
  key: null,
  ref: null,
  props: { children: [ [Object], [Object] ] },
  _owner: null
}
info  - Generating static pages (6/12)
{
  '$$typeof': Symbol(react.element),
  type: Symbol(react.fragment),
  key: null,
  ref: null,
  props: { children: [ [Object], [Object] ] },
  _owner: null
}
info  - Generating static pages (9/12)
{
  '$$typeof': Symbol(react.element),
  type: Symbol(react.fragment),
  key: null,
  ref: null,
  props: { children: [ [Object], [Object] ] },
  _owner: null
}
info  - Generating static pages (12/12)
info  - Finalizing page optimization...

Route (app)                                Size     First Load JS
┌ ○ /                                      668 B          91.5 kB
├ λ /api/v1/comments                       0 B                0 B
├ λ /api/v1/views                          0 B                0 B
├ ○ /contact                               0 B                0 B
├ ○ /friends/casmier                       0 B                0 B
├ ○ /friends/cliffard                      0 B                0 B
├ λ /friends/cookie                        0 B                0 B
├ ○ /games                                 0 B                0 B
├ ○ /home                                  0 B                0 B
└ ○ /projects                              0 B                0 B
+ First Load JS shared by all              68.9 kB
  ├ chunks/455-4ab19f171ae85004.js         66.4 kB
  ├ chunks/main-app-c6e95da56ec75693.js    204 B
  └ chunks/webpack-0b1f5b7f32d57e53.js     2.25 kB

Route (pages)                              Size     First Load JS
─ ○ /404                                   179 B          84.7 kB
+ First Load JS shared by all              84.5 kB
  ├ chunks/main-8ea52a890787cd16.js        82.1 kB
  ├ chunks/pages/_app-907dedfd0e4177db.js  192 B
  └ chunks/webpack-0b1f5b7f32d57e53.js     2.25 kB

λ  (Server)  server-side renders at runtime (uses getInitialProps or getServerSideProps)
○  (Static)  automatically rendered as static HTML (uses no initial props)

Done in 14.65s.
